<?xml version="1.0" encoding="UTF-8"?>
<!-- Generated by org.testng.reporters.JUnitReportReporter -->
<testsuite hostname="LAPTOP-KRNDV7TL" name="org.test1.Another" tests="2" failures="0" timestamp="11 May 2020 13:11:02 GMT" time="2.308" errors="0">
  <testcase name="pass" time="0.164" classname="org.test1.Another"/>
  <testcase name="mail" time="2.144" classname="org.test1.Another"/>
</testsuite> <!-- org.test1.Another -->
