<?xml version="1.0" encoding="UTF-8"?>
<!-- Generated by org.testng.reporters.JUnitReportReporter -->
<testsuite hostname="LAPTOP-KRNDV7TL" name="org.test2.Day4" tests="4" failures="0" timestamp="22 May 2020 07:09:11 GMT" time="20.737" errors="0">
  <testcase name="tc1" time="3.594" classname="org.test2.Day4"/>
  <testcase name="tc1" time="9.673" classname="org.test2.Day4"/>
  <testcase name="tc1" time="4.915" classname="org.test2.Day4"/>
  <testcase name="tc1" time="2.555" classname="org.test2.Day4"/>
</testsuite> <!-- org.test2.Day4 -->
