<?xml version="1.0" encoding="UTF-8"?>
<!-- Generated by org.testng.reporters.JUnitReportReporter -->
<testsuite hostname="LAPTOP-KRNDV7TL" name="org.test1.Sample" tests="1" failures="0" timestamp="11 May 2020 13:11:02 GMT" time="2.419" errors="0">
  <testcase name="mail" time="2.419" classname="org.test1.Sample"/>
</testsuite> <!-- org.test1.Sample -->
