<?xml version="1.0" encoding="UTF-8"?>
<!-- Generated by org.testng.reporters.JUnitReportReporter -->
<testsuite hostname="LAPTOP-KRNDV7TL" name="org.test2.Taskdata" tests="2" failures="0" timestamp="8 May 2020 15:21:13 GMT" time="7.351" errors="0">
  <testcase name="test" time="6.096" classname="org.test2.Taskdata"/>
  <testcase name="test" time="1.255" classname="org.test2.Taskdata"/>
</testsuite> <!-- org.test2.Taskdata -->
