<?xml version="1.0" encoding="UTF-8"?>
<!-- Generated by org.testng.reporters.JUnitReportReporter -->
<testsuite hostname="LAPTOP-KRNDV7TL" name="org.test2.Dataprovider" tests="4" failures="0" timestamp="8 May 2020 14:15:56 GMT" time="85.732" errors="0">
  <testcase name="tc1" time="18.741" classname="org.test2.Dataprovider"/>
  <testcase name="tc1" time="23.953" classname="org.test2.Dataprovider"/>
  <testcase name="tc1" time="15.799" classname="org.test2.Dataprovider"/>
  <testcase name="tc1" time="27.239" classname="org.test2.Dataprovider"/>
</testsuite> <!-- org.test2.Dataprovider -->
