<?xml version="1.0" encoding="UTF-8"?>
<!-- Generated by org.testng.reporters.JUnitReportReporter -->
<testsuite hostname="LAPTOP-KRNDV7TL" name="org.test3.One" tests="3" failures="0" timestamp="9 May 2020 13:51:48 GMT" time="0.049" errors="0">
  <testcase name="tc3" time="0.003" classname="org.test3.One"/>
  <testcase name="tc2" time="0.015" classname="org.test3.One"/>
  <testcase name="tc1" time="0.031" classname="org.test3.One"/>
</testsuite> <!-- org.test3.One -->
