<?xml version="1.0" encoding="UTF-8"?>
<!-- Generated by org.testng.reporters.JUnitReportReporter -->
<testsuite hostname="LAPTOP-KRNDV7TL" name="practice.Medical" tests="1" failures="0" timestamp="23 Jun 2020 16:57:45 GMT" time="24.601" errors="0">
  <testcase name="browserlaunch" time="24.601" classname="practice.Medical"/>
</testsuite> <!-- practice.Medical -->
