<?xml version="1.0" encoding="UTF-8"?>
<!-- Generated by org.testng.reporters.JUnitReportReporter -->
<testsuite hostname="LAPTOP-KRNDV7TL" name="org.test2.Sample" tests="4" failures="0" timestamp="8 May 2020 14:54:20 GMT" time="23.925" errors="0">
  <testcase name="tc1" time="12.723" classname="org.test2.Sample"/>
  <testcase name="tc1" time="4.225" classname="org.test2.Sample"/>
  <testcase name="tc1" time="3.501" classname="org.test2.Sample"/>
  <testcase name="tc1" time="3.476" classname="org.test2.Sample"/>
</testsuite> <!-- org.test2.Sample -->
