<?xml version="1.0" encoding="UTF-8"?>
<!-- Generated by org.testng.reporters.JUnitReportReporter -->
<testsuite hostname="LAPTOP-KRNDV7TL" name="org.test2.Another" tests="4" failures="0" timestamp="8 May 2020 14:58:54 GMT" time="0.027" errors="0">
  <testcase name="fb" time="0.008" classname="org.test2.Another"/>
  <testcase name="fb" time="0.013" classname="org.test2.Another"/>
  <testcase name="fb" time="0.004" classname="org.test2.Another"/>
  <testcase name="fb" time="0.002" classname="org.test2.Another"/>
</testsuite> <!-- org.test2.Another -->
